<?xml version="1.0" encoding="UTF-8"?>
<!-- Generated by org.testng.reporters.JUnitXMLReporter -->
<testsuite ignored="6" hostname="DESKTOP-KUI21LC" failures="4" tests="4" name="Command line test" time="65.602" errors="0" timestamp="11 feb. 2021 01:28:40 GMT">
  <testcase classname="tests.TestSearch" name="searchCantDress" time="10.358">
    <failure type="org.openqa.selenium.TimeoutException" message="Expected condition failed: waiting for presence of element located by: By.xpath: //*[@id=&amp;quot;center_column&amp;quot;]/ul (tried for 8 second(s) with 500 milliseconds interval)">
      <![CDATA[org.openqa.selenium.TimeoutException: Expected condition failed: waiting for presence of element located by: By.xpath: //*[@id="center_column"]/ul (tried for 8 second(s) with 500 milliseconds interval)
at org.openqa.selenium.support.ui.WebDriverWait.timeoutException(WebDriverWait.java:95)
at org.openqa.selenium.support.ui.FluentWait.until(FluentWait.java:272)
at pages.PageSearch.productList(PageSearch.java:81)
at tests.TestSearch.searchCantDress(TestSearch.java:48)
Caused by: org.openqa.selenium.NoSuchElementException: no such element: Unable to locate element: {"method":"xpath","selector":"//*[@id="center_column"]/ul"}
  (Session info: chrome=88.0.4324.150)
For documentation on this error, please visit: https://www.seleniumhq.org/exceptions/no_such_element.html
Build info: version: '3.141.59', revision: 'e82be7d358', time: '2018-11-14T08:17:03'
System info: host: 'DESKTOP-KUI21LC', ip: '192.168.0.46', os.name: 'Windows 10', os.arch: 'amd64', os.version: '10.0', java.version: '15.0.2'
Driver info: org.openqa.selenium.chrome.ChromeDriver
Capabilities {acceptInsecureCerts: false, browserName: chrome, browserVersion: 88.0.4324.150, chrome: {chromedriverVersion: 88.0.4324.96 (68dba2d8a0b14..., userDataDir: C:\Users\DARIO\AppData\Loca...}, goog:chromeOptions: {debuggerAddress: localhost:63922}, javascriptEnabled: true, networkConnectionEnabled: false, pageLoadStrategy: normal, platform: WINDOWS, platformName: WINDOWS, proxy: Proxy(), setWindowRect: true, strictFileInteractability: false, timeouts: {implicit: 0, pageLoad: 300000, script: 30000}, unhandledPromptBehavior: dismiss and notify, webauthn:extension:largeBlob: true, webauthn:virtualAuthenticators: true}
Session ID: 912f66bbff467b58dbeea89160503fa8
*** Element info: {Using=xpath, value=//*[@id="center_column"]/ul}
at org.openqa.selenium.remote.http.W3CHttpResponseCodec.createException(W3CHttpResponseCodec.java:187)
at org.openqa.selenium.remote.http.W3CHttpResponseCodec.decode(W3CHttpResponseCodec.java:122)
at org.openqa.selenium.remote.http.W3CHttpResponseCodec.decode(W3CHttpResponseCodec.java:49)
at org.openqa.selenium.remote.HttpCommandExecutor.execute(HttpCommandExecutor.java:158)
at org.openqa.selenium.remote.service.DriverCommandExecutor.execute(DriverCommandExecutor.java:83)
at org.openqa.selenium.remote.RemoteWebDriver.execute(RemoteWebDriver.java:552)
at org.openqa.selenium.remote.RemoteWebDriver.findElement(RemoteWebDriver.java:323)
at org.openqa.selenium.remote.RemoteWebDriver.findElementByXPath(RemoteWebDriver.java:428)
at org.openqa.selenium.By$ByXPath.findElement(By.java:353)
at org.openqa.selenium.remote.RemoteWebDriver.findElement(RemoteWebDriver.java:315)
at org.openqa.selenium.support.ui.ExpectedConditions$6.apply(ExpectedConditions.java:182)
at org.openqa.selenium.support.ui.ExpectedConditions$6.apply(ExpectedConditions.java:179)
at org.openqa.selenium.support.ui.FluentWait.until(FluentWait.java:249)
... 37 more
... Removed 40 stack frames]]>
    </failure>
  </testcase> <!-- searchCantDress -->
  <testcase classname="tests.TestSearch" name="searchCantShirt" time="10.107">
    <failure type="org.openqa.selenium.TimeoutException" message="Expected condition failed: waiting for presence of element located by: By.xpath: //*[@id=&amp;quot;center_column&amp;quot;]/ul (tried for 8 second(s) with 500 milliseconds interval)">
      <![CDATA[org.openqa.selenium.TimeoutException: Expected condition failed: waiting for presence of element located by: By.xpath: //*[@id="center_column"]/ul (tried for 8 second(s) with 500 milliseconds interval)
at org.openqa.selenium.support.ui.WebDriverWait.timeoutException(WebDriverWait.java:95)
at org.openqa.selenium.support.ui.FluentWait.until(FluentWait.java:272)
at pages.PageSearch.productList(PageSearch.java:81)
at tests.TestSearch.searchCantShirt(TestSearch.java:56)
Caused by: org.openqa.selenium.NoSuchElementException: no such element: Unable to locate element: {"method":"xpath","selector":"//*[@id="center_column"]/ul"}
  (Session info: chrome=88.0.4324.150)
For documentation on this error, please visit: https://www.seleniumhq.org/exceptions/no_such_element.html
Build info: version: '3.141.59', revision: 'e82be7d358', time: '2018-11-14T08:17:03'
System info: host: 'DESKTOP-KUI21LC', ip: '192.168.0.46', os.name: 'Windows 10', os.arch: 'amd64', os.version: '10.0', java.version: '15.0.2'
Driver info: org.openqa.selenium.chrome.ChromeDriver
Capabilities {acceptInsecureCerts: false, browserName: chrome, browserVersion: 88.0.4324.150, chrome: {chromedriverVersion: 88.0.4324.96 (68dba2d8a0b14..., userDataDir: C:\Users\DARIO\AppData\Loca...}, goog:chromeOptions: {debuggerAddress: localhost:63957}, javascriptEnabled: true, networkConnectionEnabled: false, pageLoadStrategy: normal, platform: WINDOWS, platformName: WINDOWS, proxy: Proxy(), setWindowRect: true, strictFileInteractability: false, timeouts: {implicit: 0, pageLoad: 300000, script: 30000}, unhandledPromptBehavior: dismiss and notify, webauthn:extension:largeBlob: true, webauthn:virtualAuthenticators: true}
Session ID: a24ad9f0c5944527b4ff7ee9ad9e15de
*** Element info: {Using=xpath, value=//*[@id="center_column"]/ul}
at org.openqa.selenium.remote.http.W3CHttpResponseCodec.createException(W3CHttpResponseCodec.java:187)
at org.openqa.selenium.remote.http.W3CHttpResponseCodec.decode(W3CHttpResponseCodec.java:122)
at org.openqa.selenium.remote.http.W3CHttpResponseCodec.decode(W3CHttpResponseCodec.java:49)
at org.openqa.selenium.remote.HttpCommandExecutor.execute(HttpCommandExecutor.java:158)
at org.openqa.selenium.remote.service.DriverCommandExecutor.execute(DriverCommandExecutor.java:83)
at org.openqa.selenium.remote.RemoteWebDriver.execute(RemoteWebDriver.java:552)
at org.openqa.selenium.remote.RemoteWebDriver.findElement(RemoteWebDriver.java:323)
at org.openqa.selenium.remote.RemoteWebDriver.findElementByXPath(RemoteWebDriver.java:428)
at org.openqa.selenium.By$ByXPath.findElement(By.java:353)
at org.openqa.selenium.remote.RemoteWebDriver.findElement(RemoteWebDriver.java:315)
at org.openqa.selenium.support.ui.ExpectedConditions$6.apply(ExpectedConditions.java:182)
at org.openqa.selenium.support.ui.ExpectedConditions$6.apply(ExpectedConditions.java:179)
at org.openqa.selenium.support.ui.FluentWait.until(FluentWait.java:249)
... 37 more
... Removed 39 stack frames]]>
    </failure>
  </testcase> <!-- searchCantShirt -->
  <testcase classname="tests.TestSearch" name="searchDress" time="3.684">
    <failure type="java.lang.AssertionError" message="No results were found for your search &amp;quot;DsS&amp;quot; expected object to not be null">
      <![CDATA[java.lang.AssertionError: No results were found for your search "DsS" expected object to not be null
at tests.TestSearch.searchDress(TestSearch.java:28)
... Removed 37 stack frames]]>
    </failure>
  </testcase> <!-- searchDress -->
  <testcase classname="tests.TestSearch" name="searchEmpty" time="1.936">
    <failure type="java.lang.AssertionError" message="El metodo search del objeto pressEnter no permite el envio de parametros expected object to not be null">
      <![CDATA[java.lang.AssertionError: El metodo search del objeto pressEnter no permite el envio de parametros expected object to not be null
at tests.TestSearch.searchEmpty(TestSearch.java:40)
... Removed 37 stack frames]]>
    </failure>
  </testcase> <!-- searchEmpty -->
  <testcase classname="tests.TestLogin" name="loginInvalidMail" time="0.0">
    <ignored/>
  </testcase> <!-- loginInvalidMail -->
  <testcase classname="tests.TestLogin" name="loginMailRequire" time="0.0">
    <ignored/>
  </testcase> <!-- loginMailRequire -->
  <testcase classname="tests.TestHomeStatus" name="formatInf" time="0.0">
    <ignored/>
  </testcase> <!-- formatInf -->
  <testcase classname="tests.TestHomeStatus" name="verifColorOffPrices" time="0.0">
    <ignored/>
  </testcase> <!-- verifColorOffPrices -->
  <testcase classname="tests.TestMisc" name="productDet" time="0.0">
    <ignored/>
  </testcase> <!-- productDet -->
  <testcase classname="tests.TestSearch" name="searchWomen" time="0.0">
    <ignored/>
  </testcase> <!-- searchWomen -->
</testsuite> <!-- Command line test -->
